Arguments: 
  C:\Program Files\nodejs\node.exe C:\Users\Mefa\AppData\Roaming\npm\node_modules\yarn\bin\yarn.js

PATH: 
  C:\Python39\Scripts\;C:\Python39\;C:\Program Files (x86)\Common Files\Intel\Shared Libraries\redist\intel64\compiler;C:\WINDOWS\system32;C:\WINDOWS;C:\WINDOWS\System32\Wbem;C:\WINDOWS\System32\WindowsPowerShell\v1.0\;C:\WINDOWS\System32\OpenSSH\;C:\Users\Mefa\AppData\Local\Programs\Python\Python37-32\Scripts\;C:\Users\Mefa\AppData\Local\Programs\Python\Python37-32\;C:\Program Files (x86)\Calibre2\;C:\Program Files\Git\cmd;C:\Program Files\Git\mingw64\bin;C:\Program Files\Git\usr\bin;C:\Program Files\PostgreSQL\13\bin;C:\Program Files\Microsoft SQL Server\130\Tools\Binn\;C:\Program Files\Microsoft SQL Server\Client SDK\ODBC\170\Tools\Binn\;C:\Program Files\nodejs\;C:\ProgramData\chocolatey\bin;C:\Program Files\dotnet\;C:\Program Files\Microsoft SQL Server\150\Tools\Binn\;C:\Users\Mefa\AppData\Local\Programs\Python\Python37-32\Scripts\;C:\Users\Mefa\AppData\Local\Programs\Python\Python37-32\;C:\Users\Mefa\AppData\Local\Microsoft\WindowsApps;C:\Users\Mefa\AppData\Local\GitHubDesktop\bin;C:\Program Files\heroku\bin;C:\Users\Mefa\AppData\Local\Programs\Microsoft VS Code\bin;C:\xampp\php;C:\Users\Mefa\AppData\Local\ComposerSetup\bin;C:\Users\Mefa\AppData\Roaming\Composer\vendor\bin;C:\Users\Mefa\AppData\Local\Microsoft\WindowsApps;C:\Users\Mefa\AppData\Roaming\npm;C:\Users\Mefa\.dotnet\tools

Yarn version: 
  1.22.5

Node version: 
  14.15.4

Platform: 
  win32 x64

Trace: 
  SyntaxError: C:\Users\Mefa\Webdev Workshop\JuniorLevel-Projects\recepabi ile projeler\imdbmoviefinder-app\web-client-2\package.json: Unexpected token } in JSON at position 421
      at JSON.parse (<anonymous>)
      at C:\Users\Mefa\AppData\Roaming\npm\node_modules\yarn\lib\cli.js:1625:59
      at Generator.next (<anonymous>)
      at step (C:\Users\Mefa\AppData\Roaming\npm\node_modules\yarn\lib\cli.js:310:30)
      at C:\Users\Mefa\AppData\Roaming\npm\node_modules\yarn\lib\cli.js:321:13

npm manifest: 
  {
    "name": "web-client-2",
    "version": "0.0.0",
    "scripts": {
      "dev": "vite",
      "build": "vite build",
      "preview": "vite preview"
    },
    "dependencies": {
      "react": "^17.0.2",
      "react-dom": "^17.0.2",
      "axios": "^0.24.0",
      "bootstrap": "^5.1.3",
      "react-bootstrap": "^2.0.0-beta.5",
      "react-hook-form": "^7.13.0",
      "react-router-dom": "6",
      "sass": "^1.32.12",
      "swiper": "7.0.0",
    },
    "devDependencies": {
      "@vitejs/plugin-react": "^1.0.7",
      "vite": "^2.7.2"
    }
  }

yarn manifest: 
  No manifest

Lockfile: 
  No lockfile
